./Window.xs
./Wx.xs
./build/Wx/build/Utils.pm
./build/Wx/Overload/Driver.pm
./ext/aui/XS/AuiManager.xsp
./ext/aui/XS/AuiNotebook.xsp
./ext/aui/XS/AuiPaneInfo.xsp
./ext/calendar/XS/CalendarCtrl.xsp
./ext/calendar/XS/DatePickerCtrl.xsp
./ext/dataview/XS/DataViewColumn.xsp
./ext/dataview/XS/DataViewCtrl.xsp
./ext/dataview/XS/DataViewTreeCtrl.xsp
./ext/dnd/lib/Wx/DropSource.pm
./ext/grid/lib/Wx/Grid.pm
./ext/grid/XS/Grid.xs
./ext/html/XS/HtmlListBox.xsp
./ext/ipc/XS/IPC.xsp
./ext/mdi/XS/MDIParentFrame.xs
./ext/media/XS/MediaCtrl.xsp
./ext/print/XS/PaperDatabase.xsp
./ext/propgrid/XS/PGProperty.xsp
./ext/propgrid/XS/PropertyGridInterface.xsp
./ext/richtext/XS/RichTextAttr.xsp
./ext/richtext/XS/RichTextBuffer.xsp
./ext/richtext/XS/RichTextCtrl.xsp
./ext/richtext/XS/RichTextFormattingDialog.xsp
./ext/richtext/XS/RichTextPrinting.xsp
./ext/richtext/XS/RichTextStyleCtrl.xsp
./ext/richtext/XS/RichTextStyleOrganiserDialog.xsp
./ext/richtext/XS/SymbolPickerDialog.xsp
./ext/xrc/XS/XmlResource.xs
./lib/Wx/Locale.pm
./lib/Wx/Menu.pm
./lib/Wx/RadioBox.pm
./lib/Wx/Timer.pm
./XS/Bitmap.xs
./XS/BitmapComboBox.xsp
./XS/Caret.xs
./XS/CheckBox.xs
./XS/CheckListBox.xs
./XS/Choice.xs
./XS/Choicebook.xsp
./XS/CollapsiblePane.xsp
./XS/Colour.xs
./XS/ColourPickerCtrl.xsp
./XS/ComboBox.xs
./XS/ComboCtrl.xsp
./XS/Cursor.xs
./XS/DC.xsp
./XS/Dialog.xsp
./XS/DirCtrl.xsp
./XS/EditableListBox.xsp
./XS/FileCtrl.xsp
./XS/FilePickerCtrl.xsp
./XS/Font.xs
./XS/FontEnumerator.xsp
./XS/FontPickerCtrl.xsp
./XS/Frame.xs
./XS/Gauge.xs
./XS/Geom.xs
./XS/GraphicsContext.xs
./XS/GraphicsRenderer.xsp
./XS/GridBagSizer.xsp
./XS/HyperlinkCtrl.xsp
./XS/Icon.xs
./XS/IconBundle.xsp
./XS/Image.xs
./XS/ImageList.xsp
./XS/ItemContainer.xsp
./XS/ItemContainerImmutable.xsp
./XS/Listbook.xsp
./XS/ListBox.xs
./XS/ListCtrl.xs
./XS/Locale.xs
./XS/Log.xs
./XS/Notebook.xs
./XS/NotificationMessage.xsp
./XS/Overlay.xs
./XS/OwnerDrawnComboBox.xsp
./XS/Panel.xs
./XS/Pen.xs
./XS/PlWindow.xsp
./XS/PopupWindow.xsp
./XS/RadioBox.xs
./XS/RadioButton.xs
./XS/SashWindow.xs
./XS/ScrollBar.xs
./XS/ScrolledWindow.xs
./XS/SearchCtrl.xsp
./XS/Slider.xs
./XS/Sound.xsp
./XS/SpinButton.xs
./XS/SpinCtrl.xs
./XS/SplitterWindow.xsp
./XS/StaticBitmap.xs
./XS/TextCtrl.xsp
./XS/ToggleButton.xs
./XS/ToolBar.xs
./XS/Toolbook.xsp
./XS/TopLevelWindow.xsp
./XS/Treebook.xsp
./XS/TreeCtrl.xs
./XS/Utils.xs
./XS/VarHVScrollHelper.xsp
./XS/VListBox.xsp
./XS/VScrolledWindow.xsp
./XS/Wizard.xs